<?xml version="1.0" encoding="UTF-8"?>
<!-- Generated by org.testng.reporters.JUnitReportReporter -->
<testsuite hostname="LTIN180925" failures="0" tests="2" name="testCases.TC_03_HotelBooking" time="15.229" errors="0" timestamp="2024-03-25T20:24:25 IST" skipped="0">
  <testcase classname="testCases.TC_03_HotelBooking" name="noOfAdults" time="8.227"/>
  <testcase classname="testCases.TC_03_HotelBooking" name="noOfAdults" time="7.002"/>
</testsuite> <!-- testCases.TC_03_HotelBooking -->
