<?xml version="1.0" encoding="UTF-8"?>
<!-- Generated by org.testng.reporters.JUnitReportReporter -->
<testsuite hostname="LTIN239342" failures="0" tests="6" name="testCases.TS_01_CabBooking" time="41.502" errors="0" timestamp="2024-03-20T14:03:04 IST" skipped="0">
  <testcase classname="testCases.TS_01_CabBooking" name="popupHandle" time="6.230"/>
  <testcase classname="testCases.TS_01_CabBooking" name="popupHandle" time="5.586"/>
  <testcase classname="testCases.TS_01_CabBooking" name="fillingDetails" time="10.958"/>
  <testcase classname="testCases.TS_01_CabBooking" name="fillingDetails" time="12.540"/>
  <testcase classname="testCases.TS_01_CabBooking" name="minSUVPrice" time="3.793"/>
  <testcase classname="testCases.TS_01_CabBooking" name="minSUVPrice" time="2.395"/>
</testsuite> <!-- testCases.TS_01_CabBooking -->
