<?xml version="1.0" encoding="UTF-8"?>
<!-- Generated by org.testng.reporters.JUnitReportReporter -->
<testsuite hostname="LTIN239342" failures="0" tests="4" name="project.Project" time="63.627" errors="0" timestamp="2024-03-15T10:26:09 IST" skipped="0">
  <testcase classname="project.Project" name="popupHandle" time="4.424"/>
  <testcase classname="project.Project" name="puttingData" time="10.143"/>
  <testcase classname="project.Project" name="selectingCab" time="2.427"/>
  <testcase classname="project.Project" name="hotelBooking" time="46.633"/>
</testsuite> <!-- project.Project -->
