<?xml version="1.0" encoding="UTF-8"?>
<!-- Generated by org.testng.reporters.JUnitReportReporter -->
<testsuite hostname="LTIN239342" failures="0" tests="4" name="testCases.TS_03_HotelBooking" time="13.628" errors="0" timestamp="2024-03-20T14:03:04 IST" skipped="0">
  <testcase classname="testCases.TS_03_HotelBooking" name="popupHandle" time="1.944"/>
  <testcase classname="testCases.TS_03_HotelBooking" name="popupHandle" time="1.329"/>
  <testcase classname="testCases.TS_03_HotelBooking" name="noOfAdults" time="5.122"/>
  <testcase classname="testCases.TS_03_HotelBooking" name="noOfAdults" time="5.233"/>
</testsuite> <!-- testCases.TS_03_HotelBooking -->
