<?xml version="1.0" encoding="UTF-8"?>
<!-- Generated by org.testng.reporters.JUnitReportReporter -->
<testsuite hostname="LTIN180925" failures="0" tests="6" name="testCases.TC_01_CabBooking" time="205.875" errors="0" timestamp="2024-03-25T20:24:25 IST" skipped="0">
  <testcase classname="testCases.TC_01_CabBooking" name="fillingDetails" time="24.371"/>
  <testcase classname="testCases.TC_01_CabBooking" name="fillingDetails" time="31.834"/>
  <testcase classname="testCases.TC_01_CabBooking" name="fillingDetails" time="40.260"/>
  <testcase classname="testCases.TC_01_CabBooking" name="fillingDetails" time="39.511"/>
  <testcase classname="testCases.TC_01_CabBooking" name="fillingDetails" time="29.436"/>
  <testcase classname="testCases.TC_01_CabBooking" name="fillingDetails" time="40.463"/>
</testsuite> <!-- testCases.TC_01_CabBooking -->
