<?xml version="1.0" encoding="UTF-8"?>
<!-- Generated by org.testng.reporters.JUnitReportReporter -->
<testsuite hostname="LTIN239342" failures="0" tests="10" name="testCases.TS_02_GiftCard" time="22.305" errors="0" timestamp="2024-03-20T14:03:04 IST" skipped="0">
  <testcase classname="testCases.TS_02_GiftCard" name="popupHandle" time="2.070"/>
  <testcase classname="testCases.TS_02_GiftCard" name="popupHandle" time="1.437"/>
  <testcase classname="testCases.TS_02_GiftCard" name="switchFrame" time="1.521"/>
  <testcase classname="testCases.TS_02_GiftCard" name="switchFrame" time="1.371"/>
  <testcase classname="testCases.TS_02_GiftCard" name="selectingGiftCard" time="5.287"/>
  <testcase classname="testCases.TS_02_GiftCard" name="selectingGiftCard" time="4.570"/>
  <testcase classname="testCases.TS_02_GiftCard" name="insertingData" time="2.263"/>
  <testcase classname="testCases.TS_02_GiftCard" name="insertingData" time="2.570"/>
  <testcase classname="testCases.TS_02_GiftCard" name="cpaturingErrorMessage" time="0.593"/>
  <testcase classname="testCases.TS_02_GiftCard" name="cpaturingErrorMessage" time="0.623"/>
</testsuite> <!-- testCases.TS_02_GiftCard -->
