<?xml version="1.0" encoding="UTF-8"?>
<!-- Generated by org.testng.reporters.JUnitReportReporter -->
<testsuite hostname="LTIN180925" failures="0" tests="8" name="testCases.TC_02_GiftCard" time="145.791" errors="0" timestamp="2024-03-25T20:24:25 IST" skipped="0">
  <testcase classname="testCases.TC_02_GiftCard" name="switchFrame" time="7.270"/>
  <testcase classname="testCases.TC_02_GiftCard" name="switchFrame" time="20.346"/>
  <testcase classname="testCases.TC_02_GiftCard" name="selectingGiftCard" time="22.466"/>
  <testcase classname="testCases.TC_02_GiftCard" name="selectingGiftCard" time="23.957"/>
  <testcase classname="testCases.TC_02_GiftCard" name="insertingData" time="21.749"/>
  <testcase classname="testCases.TC_02_GiftCard" name="insertingData" time="21.959"/>
  <testcase classname="testCases.TC_02_GiftCard" name="cpaturingErrorMessage" time="5.713"/>
  <testcase classname="testCases.TC_02_GiftCard" name="cpaturingErrorMessage" time="22.331"/>
</testsuite> <!-- testCases.TC_02_GiftCard -->
