<?xml version="1.0" encoding="UTF-8"?>
<!-- Generated by org.testng.reporters.JUnitReportReporter -->
<testsuite hostname="LTIN239342" failures="0" tests="2" name="testCases.TC_02_HotelBooking" time="5.789" errors="0" timestamp="2024-03-18T14:23:06 IST" skipped="0">
  <testcase classname="testCases.TC_02_HotelBooking" name="popupHandle" time="0.629"/>
  <testcase classname="testCases.TC_02_HotelBooking" name="noOfAdults" time="5.160"/>
</testsuite> <!-- testCases.TC_02_HotelBooking -->
